\BOOKMARK [0][-]{chapter.1}{\376\377\000A\000b\000o\000u\000t\000\040\000M\000e}{}% 1
\BOOKMARK [1][-]{section.1.1}{\376\377\000B\000r\000i\000e\000f\000\040\000b\000i\000o\000g\000r\000a\000p\000h\000y}{chapter.1}% 2
\BOOKMARK [1][-]{section.1.2}{\376\377\000C\000o\000n\000t\000a\000c\000t\000\040\000M\000e}{chapter.1}% 3
\BOOKMARK [2][-]{subsection.1.2.1}{\376\377\000E\000m\000a\000i\000l}{section.1.2}% 4
\BOOKMARK [2][-]{subsection.1.2.2}{\376\377\000P\000h\000o\000n\000e}{section.1.2}% 5
\BOOKMARK [2][-]{subsection.1.2.3}{\376\377\000S\000o\000c\000i\000a\000l\000\040\000M\000e\000d\000i\000a}{section.1.2}% 6
\BOOKMARK [2][-]{subsection.1.2.4}{\376\377\000A\000d\000d\000r\000e\000s\000s}{section.1.2}% 7
\BOOKMARK [0][-]{chapter.2}{\376\377\000E\000d\000u\000c\000a\000t\000i\000o\000n}{}% 8
\BOOKMARK [0][-]{chapter.3}{\376\377\000R\000e\000s\000e\000a\000r\000c\000h\000\040\000E\000x\000p\000e\000r\000i\000e\000n\000c\000e}{}% 9
\BOOKMARK [1][-]{section.3.1}{\376\377\000M\000o\000o\000n\000-\000L\000a\000n\000d\000e\000r\000\040\000D\000e\000s\000i\000g\000n\000a\000t\000i\000o\000n}{chapter.3}% 10
\BOOKMARK [1][-]{section.3.2}{\376\377\000G\000o\000o\000g\000l\000e\000\040\000S\000e\000a\000r\000c\000h\000\040\000A\000l\000g\000o\000r\000i\000t\000h\000m\000s}{chapter.3}% 11
\BOOKMARK [1][-]{section.3.3}{\376\377\000S\000o\000l\000v\000i\000n\000g\000\040\000T\000h\000e\000\040\000M\000o\000s\000t\000\040\000C\000o\000m\000p\000l\000e\000x\000\040\000P\000r\000o\000b\000l\000e\000m\000\040\000I\000n\000\040\000H\000u\000m\000a\000n\000\040\000H\000i\000s\000t\000o\000r\000y}{chapter.3}% 12
\BOOKMARK [0][-]{chapter.4}{\376\377\000P\000r\000o\000f\000e\000s\000s\000i\000o\000n\000a\000l\000\040\000E\000x\000p\000e\000r\000i\000e\000n\000c\000e}{}% 13
\BOOKMARK [1][-]{section.4.1}{\376\377\000M\000o\000o\000n\000\040\000L\000a\000n\000d\000i\000n\000g}{chapter.4}% 14
\BOOKMARK [1][-]{section.4.2}{\376\377\000E\000n\000t\000e\000r\000i\000n\000g\000\040\000J\000o\000t\000u\000n\000h\000e\000i\000m\000r}{chapter.4}% 15
\BOOKMARK [1][-]{section.4.3}{\376\377\000C\000o\000n\000s\000t\000r\000u\000c\000t\000i\000n\000g\000\040\000t\000h\000e\000\040\000t\000i\000m\000e\000\040\000m\000a\000c\000h\000i\000n\000e}{chapter.4}% 16
\BOOKMARK [0][-]{chapter.5}{\376\377\000S\000k\000i\000l\000l\000s}{}% 17
\BOOKMARK [1][-]{section.5.1}{\376\377\000P\000r\000o\000g\000r\000a\000m\000m\000i\000n\000g}{chapter.5}% 18
\BOOKMARK [2][-]{subsection.5.1.1}{\376\377\000C\000/\000C\000+\000+}{section.5.1}% 19
\BOOKMARK [2][-]{subsection.5.1.2}{\376\377\000P\000y\000t\000h\000o\000n}{section.5.1}% 20
\BOOKMARK [2][-]{subsection.5.1.3}{\376\377\000J\000a\000v\000a}{section.5.1}% 21
\BOOKMARK [2][-]{subsection.5.1.4}{\376\377\000W\000e\000b\000\040\000D\000e\000v\000e\000l\000o\000p\000e\000m\000e\000n\000t}{section.5.1}% 22
\BOOKMARK [1][-]{section.5.2}{\376\377\000C\000o\000n\000v\000e\000r\000s\000i\000n\000g\000\040\000w\000i\000t\000h\000\040\000t\000h\000e\000\040\000G\000o\000d\000s}{chapter.5}% 23
\BOOKMARK [1][-]{section.5.3}{\376\377\000F\000l\000y\000i\000n\000g}{chapter.5}% 24
